<?xml version="1.0" encoding="UTF-8"?>
<!-- Generated by org.testng.reporters.JUnitReportReporter -->
<testsuite hostname="Satish" failures="0" tests="5" name="Test_Cases.Login" time="0.036" errors="0" timestamp="2025-04-03T06:15:51 IST" skipped="0">
  <testcase classname="Test_Cases.Login" name="loginWithValidCredentials" time="0.023"/>
  <system-out/>
  <testcase classname="Test_Cases.Login" name="loginWithValidEmailAndInvalidPassword" time="0.003"/>
  <system-out/>
  <testcase classname="Test_Cases.Login" name="loginWithInvalidEmailAndValidPassword" time="0.004"/>
  <system-out/>
  <testcase classname="Test_Cases.Login" name="loginWithInvalidCredentaials" time="0.004"/>
  <system-out/>
  <testcase classname="Test_Cases.Login" name="loginWithoutProvidingCredentials" time="0.002"/>
  <system-out/>
</testsuite> <!-- Test_Cases.Login -->
