<?xml version="1.0" encoding="UTF-8"?>
<!-- Generated by org.testng.reporters.JUnitReportReporter -->
<testsuite hostname="Satish" failures="0" tests="2" name="Test_Cases.Register" time="0.005" errors="0" timestamp="2025-04-03T06:09:52 IST" skipped="0">
  <testcase classname="Test_Cases.Register" name="RegisterByProvidingAllFields" time="0.003"/>
  <system-out/>
  <testcase classname="Test_Cases.Register" name="RegisterByNotProvidingAnyFields" time="0.002"/>
  <system-out/>
</testsuite> <!-- Test_Cases.Register -->
