<?xml version="1.0" encoding="UTF-8"?>
<!-- Generated by org.testng.reporters.JUnitReportReporter -->
<testsuite hostname="Satish" failures="0" tests="1" name="Test_Cases.Search" time="0.003" errors="0" timestamp="2025-04-03T06:09:52 IST" skipped="0">
  <testcase classname="Test_Cases.Search" name="SearchForValidProduct" time="0.003"/>
  <system-out/>
</testsuite> <!-- Test_Cases.Search -->
