<?xml version="1.0" encoding="UTF-8"?>
<!-- Generated by org.testng.reporters.JUnitReportReporter -->
<testsuite hostname="DESKTOP-297RODD" failures="0" tests="1" name="assertion_in_testNG.Assertion_In_TestNG" time="33.696" errors="0" timestamp="2025-04-01T17:05:04 IST" skipped="0">
  <testcase classname="assertion_in_testNG.Assertion_In_TestNG" name="sampleMethod_1" time="33.696"/>
  <system-out/>
</testsuite> <!-- assertion_in_testNG.Assertion_In_TestNG -->
