<?xml version="1.0" encoding="UTF-8"?>
<!-- Generated by org.testng.reporters.JUnitReportReporter -->
<testsuite hostname="Satish" failures="0" tests="2" name="Package_Level_Annotations.ClassB" time="0.009" errors="0" timestamp="2025-04-03T05:19:43 IST" skipped="0">
  <testcase classname="Package_Level_Annotations.ClassB" name="methodBOne" time="0.004"/>
  <system-out/>
  <testcase classname="Package_Level_Annotations.ClassB" name="methodBTwo" time="0.005"/>
  <system-out/>
</testsuite> <!-- Package_Level_Annotations.ClassB -->
