<?xml version="1.0" encoding="UTF-8"?>
<!-- Generated by org.testng.reporters.JUnitReportReporter -->
<testsuite hostname="Satish" failures="0" tests="3" name="Package_Level_Annotations.ClassA" time="0.030" errors="0" timestamp="2025-04-03T05:19:43 IST" skipped="0">
  <testcase classname="Package_Level_Annotations.ClassA" name="methodAOne" time="0.021"/>
  <system-out/>
  <testcase classname="Package_Level_Annotations.ClassA" name="methodATwo" time="0.003"/>
  <system-out/>
  <testcase classname="Package_Level_Annotations.ClassA" name="methodAThree" time="0.006"/>
  <system-out/>
</testsuite> <!-- Package_Level_Annotations.ClassA -->
