<?xml version="1.0" encoding="UTF-8"?>
<!-- Generated by org.testng.reporters.JUnitReportReporter -->
<testsuite hostname="DESKTOP-297RODD" failures="0" tests="5" name="com.tutorialsninja.qa.testcase.Login" time="43.683" errors="0" timestamp="2025-05-05T17:10:36 IST" skipped="0">
  <testcase classname="com.tutorialsninja.qa.testcase.Login" name="verifyLoginWithValidCredentials" time="7.933"/>
  <system-out/>
  <testcase classname="com.tutorialsninja.qa.testcase.Login" name="verifyLoginwithInvalidCredentials" time="7.370"/>
  <system-out/>
  <testcase classname="com.tutorialsninja.qa.testcase.Login" name="verifyLoginWithInvalidEmailAndValidPassword" time="7.694"/>
  <system-out/>
  <testcase classname="com.tutorialsninja.qa.testcase.Login" name="verifyLoginWithValidEmailAndInvalidPassword" time="13.819"/>
  <system-out/>
  <testcase classname="com.tutorialsninja.qa.testcase.Login" name="verifyLoginWithWithoutProvideCredentials" time="6.867"/>
  <system-out/>
</testsuite> <!-- com.tutorialsninja.qa.testcase.Login -->
