<?xml version="1.0" encoding="UTF-8"?>
<!-- Generated by org.testng.reporters.JUnitReportReporter -->
<testsuite hostname="DESKTOP-297RODD" failures="0" tests="3" name="com.tutorialsninja.qa.testcase.Search" time="18.787" errors="0" timestamp="2025-05-06T18:03:37 IST" skipped="0">
  <testcase classname="com.tutorialsninja.qa.testcase.Search" name="verifySearchWithValidProduct" time="6.185"/>
  <system-out/>
  <testcase classname="com.tutorialsninja.qa.testcase.Search" name="verifySearchWithInvalidProduct" time="6.635"/>
  <system-out/>
  <testcase classname="com.tutorialsninja.qa.testcase.Search" name="searchWithoutAnyProduct" time="5.967"/>
  <system-out/>
</testsuite> <!-- com.tutorialsninja.qa.testcase.Search -->
