<?xml version="1.0" encoding="UTF-8"?>
<!-- Generated by org.testng.reporters.JUnitReportReporter -->
<testsuite hostname="DESKTOP-297RODD" failures="0" tests="4" name="com.tutorialsninja.qa.testcase.Register" time="38.821" errors="0" timestamp="2025-05-06T18:03:37 IST" skipped="0">
  <testcase classname="com.tutorialsninja.qa.testcase.Register" name="verifyRegisteringAccountWithMandatoryFields" time="9.863"/>
  <system-out/>
  <testcase classname="com.tutorialsninja.qa.testcase.Register" name="verifyRegisteringAccountByProvidingAllFields" time="10.062"/>
  <system-out/>
  <testcase classname="com.tutorialsninja.qa.testcase.Register" name="verifyRegisteringAccountWithExistingEmailAddress" time="8.717"/>
  <system-out/>
  <testcase classname="com.tutorialsninja.qa.testcase.Register" name="verifyRegisteringAccountWithoutFillingDetails" time="10.179"/>
  <system-out/>
</testsuite> <!-- com.tutorialsninja.qa.testcase.Register -->
