<?xml version="1.0" encoding="UTF-8"?>
<!-- Generated by org.testng.reporters.JUnitReportReporter -->
<testsuite hostname="DESKTOP-297RODD" failures="0" tests="4" name="com.tutorialsninja.qa.testcase.Register" time="35.982" errors="0" timestamp="2025-05-05T17:11:23 IST" skipped="0">
  <testcase classname="com.tutorialsninja.qa.testcase.Register" name="verifyRegisteringAccountWithMandatoryFields" time="8.583"/>
  <system-out/>
  <testcase classname="com.tutorialsninja.qa.testcase.Register" name="verifyRegisteringAccountByProvidingAllFields" time="9.713"/>
  <system-out/>
  <testcase classname="com.tutorialsninja.qa.testcase.Register" name="verifyRegisteringAccountWithExistingEmailAddress" time="9.778"/>
  <system-out/>
  <testcase classname="com.tutorialsninja.qa.testcase.Register" name="verifyRegisteringAccountWithoutFillingDetails" time="7.908"/>
  <system-out/>
</testsuite> <!-- com.tutorialsninja.qa.testcase.Register -->
