<?xml version="1.0" encoding="UTF-8"?>
<!-- Generated by org.testng.reporters.JUnitReportReporter -->
<testsuite hostname="DESKTOP-297RODD" failures="0" tests="5" name="com.tutorialsninja.qa.testcase.Login" time="38.396" errors="0" timestamp="2025-05-06T18:03:37 IST" skipped="0">
  <testcase classname="com.tutorialsninja.qa.testcase.Login" name="verifyLoginWithValidCredentials" time="7.684"/>
  <system-out/>
  <testcase classname="com.tutorialsninja.qa.testcase.Login" name="verifyLoginwithInvalidCredentials" time="7.258"/>
  <system-out/>
  <testcase classname="com.tutorialsninja.qa.testcase.Login" name="verifyLoginWithInvalidEmailAndValidPassword" time="7.379"/>
  <system-out/>
  <testcase classname="com.tutorialsninja.qa.testcase.Login" name="verifyLoginWithValidEmailAndInvalidPassword" time="7.404"/>
  <system-out/>
  <testcase classname="com.tutorialsninja.qa.testcase.Login" name="verifyLoginWithWithoutProvideCredentials" time="8.671"/>
  <system-out/>
</testsuite> <!-- com.tutorialsninja.qa.testcase.Login -->
