<?xml version="1.0" encoding="UTF-8"?>
<!-- Generated by org.testng.reporters.JUnitReportReporter -->
<testsuite hostname="Satish" failures="0" tests="2" name="com.TutorialsNinja.Login" time="9.624" errors="0" timestamp="2025-03-31T23:03:36 IST" skipped="0">
  <testcase classname="com.TutorialsNinja.Login" name="VerifyLoginWithValidCredentials" time="5.643"/>
  <testcase classname="com.TutorialsNinja.Login" name="VerifyLoginWithInvalidCredentials" time="3.981"/>
</testsuite> <!-- com.TutorialsNinja.Login -->
