<?xml version="1.0" encoding="UTF-8"?>
<!-- Generated by org.testng.reporters.JUnitReportReporter -->
<testsuite hostname="Satish" failures="0" tests="2" name="Partially_passing_data_from_DataProvider" time="0.022" errors="0" timestamp="2025-04-04T06:38:04 IST" skipped="0">
  <testcase classname="Partially_passing_data_from_DataProvider" name="sampleTest" time="0.002"/>
  <system-out/>
  <testcase classname="Partially_passing_data_from_DataProvider" name="sampleTest" time="0.020"/>
  <system-out/>
</testsuite> <!-- Partially_passing_data_from_DataProvider -->
