<?xml version="1.0" encoding="UTF-8"?>
<!-- Generated by org.testng.reporters.JUnitReportReporter -->
<testsuite hostname="Satish" failures="0" tests="3" name="Jagger_Array_DataProviders" time="0.026" errors="0" timestamp="2025-04-04T06:36:12 IST" skipped="0">
  <testcase classname="Jagger_Array_DataProviders" name="sampleTest" time="0.003"/>
  <system-out/>
  <testcase classname="Jagger_Array_DataProviders" name="sampleTest" time="0.004"/>
  <system-out/>
  <testcase classname="Jagger_Array_DataProviders" name="sampleTest" time="0.019"/>
  <system-out/>
</testsuite> <!-- Jagger_Array_DataProviders -->
