<?xml version="1.0" encoding="UTF-8"?>
<!-- Generated by org.testng.reporters.JUnitReportReporter -->
<testsuite hostname="DESKTOP-297RODD" failures="0" tests="4" name="data_provider_POI_excel.Reading_data_from_excel_data_provider_using_poi" time="167.876" errors="0" timestamp="2025-04-04T14:52:29 IST" skipped="0">
  <testcase classname="data_provider_POI_excel.Reading_data_from_excel_data_provider_using_poi" name="loginTest" time="41.735"/>
  <testcase classname="data_provider_POI_excel.Reading_data_from_excel_data_provider_using_poi" name="loginTest" time="41.847"/>
  <testcase classname="data_provider_POI_excel.Reading_data_from_excel_data_provider_using_poi" name="loginTest" time="42.203"/>
  <testcase classname="data_provider_POI_excel.Reading_data_from_excel_data_provider_using_poi" name="loginTest" time="42.091"/>
</testsuite> <!-- data_provider_POI_excel.Reading_data_from_excel_data_provider_using_poi -->
