<?xml version="1.0" encoding="UTF-8"?>
<!-- Generated by org.testng.reporters.JUnitReportReporter -->
<testsuite hostname="DESKTOP-297RODD" failures="0" tests="2" name="TestNg_XML_File_For_batch_execution.ClassC" time="0.013" errors="0" timestamp="2025-04-01T12:48:41 IST" skipped="0">
  <testcase classname="TestNg_XML_File_For_batch_execution.ClassC" name="methodCOne" time="0.010"/>
  <system-out/>
  <testcase classname="TestNg_XML_File_For_batch_execution.ClassC" name="methodCTwo" time="0.003"/>
  <system-out/>
</testsuite> <!-- TestNg_XML_File_For_batch_execution.ClassC -->
