<?xml version="1.0" encoding="UTF-8"?>
<!-- Generated by org.testng.reporters.JUnitReportReporter -->
<testsuite hostname="DESKTOP-297RODD" failures="0" tests="3" name="TestNg_XML_File_For_batch_execution.ClassA" time="0.011" errors="0" timestamp="2025-04-01T12:48:41 IST" skipped="0">
  <testcase classname="TestNg_XML_File_For_batch_execution.ClassA" name="methodAOne" time="0.006"/>
  <system-out/>
  <testcase classname="TestNg_XML_File_For_batch_execution.ClassA" name="methodATwo" time="0.002"/>
  <system-out/>
  <testcase classname="TestNg_XML_File_For_batch_execution.ClassA" name="methodAThree" time="0.003"/>
  <system-out/>
</testsuite> <!-- TestNg_XML_File_For_batch_execution.ClassA -->
