<?xml version="1.0" encoding="UTF-8"?>
<!-- Generated by org.testng.reporters.JUnitReportReporter -->
<testsuite hostname="Satish" failures="0" tests="4" name="TutorialsNinja_Test_Cases.Register" time="43.860" errors="0" timestamp="2025-04-12T10:37:58 IST" skipped="0">
  <testcase classname="TutorialsNinja_Test_Cases.Register" name="verifyRegisteringAnAccountWithMandatoryField" time="7.196"/>
  <testcase classname="TutorialsNinja_Test_Cases.Register" name="verifyRegisteringAccountByProvidingAllFields" time="22.439"/>
  <testcase classname="TutorialsNinja_Test_Cases.Register" name="verifyRegisteringAccountwithExistingEmail" time="7.336"/>
  <testcase classname="TutorialsNinja_Test_Cases.Register" name="verifyRegisteringAccountWithoutFillingAnyDetails" time="6.889"/>
</testsuite> <!-- TutorialsNinja_Test_Cases.Register -->
