<?xml version="1.0" encoding="UTF-8"?>
<!-- Generated by org.testng.reporters.JUnitReportReporter -->
<testsuite hostname="DESKTOP-297RODD" failures="0" tests="3" name="TutorialsNinja_Test_Cases.Search" time="20.302" errors="0" timestamp="2025-04-11T16:17:57 IST" skipped="0">
  <testcase classname="TutorialsNinja_Test_Cases.Search" name="verifySearchWithValidProduct" time="7.015"/>
  <system-out/>
  <testcase classname="TutorialsNinja_Test_Cases.Search" name="verifySearchWithInvalidProduct" time="6.899"/>
  <system-out/>
  <testcase classname="TutorialsNinja_Test_Cases.Search" name="verifySearchWithWithoutAnyProduct" time="6.388"/>
  <system-out/>
</testsuite> <!-- TutorialsNinja_Test_Cases.Search -->
