<?xml version="1.0" encoding="UTF-8"?>
<!-- Generated by org.testng.reporters.JUnitReportReporter -->
<testsuite hostname="Satish" failures="0" tests="3" name="TutorialsNinja_Test_Cases.Search" time="9.533" errors="0" timestamp="2025-04-12T10:37:58 IST" skipped="0">
  <testcase classname="TutorialsNinja_Test_Cases.Search" name="verifySearchWithValidProduct" time="3.832"/>
  <testcase classname="TutorialsNinja_Test_Cases.Search" name="verifySearchWithInvalidProduct" time="3.235"/>
  <testcase classname="TutorialsNinja_Test_Cases.Search" name="verifySearchWithWithoutAnyProduct" time="2.466"/>
</testsuite> <!-- TutorialsNinja_Test_Cases.Search -->
