<?xml version="1.0" encoding="UTF-8"?>
<!-- Generated by org.testng.reporters.JUnitReportReporter -->
<testsuite hostname="DESKTOP-297RODD" failures="0" tests="4" name="TutorialsNinja_Test_Cases.Register" time="34.581" errors="0" timestamp="2025-04-11T16:17:57 IST" skipped="0">
  <testcase classname="TutorialsNinja_Test_Cases.Register" name="verifyRegisteringAnAccountWithMandatoryField" time="9.107"/>
  <system-out/>
  <testcase classname="TutorialsNinja_Test_Cases.Register" name="verifyRegisteringAccountByProvidingAllFields" time="9.606"/>
  <system-out/>
  <testcase classname="TutorialsNinja_Test_Cases.Register" name="verifyRegisteringAccountwithExistingEmail" time="8.121"/>
  <system-out/>
  <testcase classname="TutorialsNinja_Test_Cases.Register" name="verifyRegisteringAccountWithoutFillingAnyDetails" time="7.747"/>
  <system-out/>
</testsuite> <!-- TutorialsNinja_Test_Cases.Register -->
