<?xml version="1.0" encoding="UTF-8"?>
<!-- Generated by org.testng.reporters.JUnitReportReporter -->
<testsuite hostname="Satish" failures="0" tests="1" name="TutorialsNinja_Test_Cases.Login" time="7.839" errors="0" timestamp="2025-04-13T12:52:37 IST" skipped="0">
  <testcase classname="TutorialsNinja_Test_Cases.Login" name="verifyLoginWithInvalidCredentials" time="7.839"/>
</testsuite> <!-- TutorialsNinja_Test_Cases.Login -->
