<?xml version="1.0" encoding="UTF-8"?>
<!-- Generated by org.testng.reporters.JUnitReportReporter -->
<testsuite hostname="DESKTOP-297RODD" failures="0" tests="1" name="Test_Cases.Register" time="0.017" errors="0" timestamp="2025-04-03T10:49:00 IST" skipped="0">
  <testcase classname="Test_Cases.Register" name="RegisterByProvidingMandatoryFields" time="0.017"/>
</testsuite> <!-- Test_Cases.Register -->
