<?xml version="1.0" encoding="UTF-8"?>
<!-- Generated by org.testng.reporters.JUnitReportReporter -->
<testsuite hostname="DESKTOP-297RODD" failures="0" tests="2" name="Test_Cases.Login" time="0.009" errors="0" timestamp="2025-04-03T10:49:00 IST" skipped="0">
  <testcase classname="Test_Cases.Login" name="loginWithValidCredentials" time="0.005"/>
  <testcase classname="Test_Cases.Login" name="loginWithInvalidCredentaials" time="0.004"/>
</testsuite> <!-- Test_Cases.Login -->
