<?xml version="1.0" encoding="UTF-8"?>
<!-- Generated by org.testng.reporters.JUnitReportReporter -->
<testsuite hostname="DESKTOP-297RODD" failures="0" tests="1" name="Test_Cases.Search" time="0.002" errors="0" timestamp="2025-04-03T10:49:00 IST" skipped="0">
  <testcase classname="Test_Cases.Search" name="SearchForValidProduct" time="0.002"/>
</testsuite> <!-- Test_Cases.Search -->
