<?xml version="1.0" encoding="UTF-8"?>
<!-- Generated by org.testng.reporters.JUnitReportReporter -->
<testsuite hostname="DESKTOP-297RODD" failures="0" tests="3" name="testNgParamaterization_DDT.Data_Driven" time="24.493" errors="0" timestamp="2025-04-03T16:26:26 IST" skipped="0">
  <testcase classname="testNgParamaterization_DDT.Data_Driven" name="verifyLogin" time="7.972"/>
  <system-out/>
  <testcase classname="testNgParamaterization_DDT.Data_Driven" name="verifyLogin" time="7.181"/>
  <system-out/>
  <testcase classname="testNgParamaterization_DDT.Data_Driven" name="verifyLogin" time="9.340"/>
  <system-out/>
</testsuite> <!-- testNgParamaterization_DDT.Data_Driven -->
