<?xml version="1.0" encoding="UTF-8"?>
<!-- Generated by org.testng.reporters.JUnitReportReporter -->
<testsuite hostname="Satish" failures="0" tests="1" name="Parameters.Params" time="7.225" errors="0" timestamp="2025-04-03T04:35:07 IST" skipped="0">
  <testcase classname="Parameters.Params" name="Login" time="7.225"/>
</testsuite> <!-- Parameters.Params -->
